<?xml version="1.0" encoding="UTF-8"?>
<!-- Generated by org.testng.reporters.JUnitXMLReporter -->
<testsuite hostname="LAPTOP-M6Q9KTFA" ignored="5" name="Login first time in Amazon mobile app" tests="4" failures="3" timestamp="24 May 2020 12:16:35 GMT" time="116.519" errors="0">
  <testcase name="amazonSignIn" time="2.123" classname="AmazonHydridFramework.Testcases.WelcomePageTest"/>
  <testcase name="testLogin" time="30.109" classname="AmazonHydridFramework.Testcases.ddfLoginTest">
    <failure type="org.openqa.selenium.NoSuchElementException" message="An element could not be located on the page using the given search parameters.
For documentation on this error, please visit: https://www.seleniumhq.org/exceptions/no_such_element.html
Build info: version: &amp;apos;3.141.59&amp;apos;, revision: &amp;apos;e82be7d358&amp;apos;, time: &amp;apos;2018-11-14T08:17:03&amp;apos;
System info: host: &amp;apos;LAPTOP-M6Q9KTFA&amp;apos;, ip: &amp;apos;192.168.99.1&amp;apos;, os.name: &amp;apos;Windows 10&amp;apos;, os.arch: &amp;apos;amd64&amp;apos;, os.version: &amp;apos;10.0&amp;apos;, java.version: &amp;apos;1.8.0_211&amp;apos;
Driver info: io.appium.java_client.android.AndroidDriver
Capabilities {appActivity: com.amazon.mShop.splashscre..., appPackage: in.amazon.mShop.android.sho..., databaseEnabled: false, desired: {appActivity: com.amazon.mShop.splashscre..., appPackage: in.amazon.mShop.android.sho..., deviceName: Android, fullReset: false, noReset: true, platformName: android, platformVersion: 9PKQ1, udid: a8503388}, deviceApiLevel: 29, deviceManufacturer: Xiaomi, deviceModel: POCO F1, deviceName: a8503388, deviceScreenDensity: 440, deviceScreenSize: 1080x2246, deviceUDID: a8503388, fullReset: false, javascriptEnabled: true, locationContextEnabled: false, networkConnectionEnabled: true, noReset: true, pixelRatio: 2.75, platform: LINUX, platformName: Android, platformVersion: 10, statBarHeight: 89, takesScreenshot: true, udid: a8503388, viewportRect: {height: 1938, left: 0, top: 89, width: 1080}, warnings: {}, webStorageEnabled: false}
Session ID: e4fe35ce-90fc-4458-8a9a-d1969203dff3
*** Element info: {Using=xpath, value=//android.widget.Button[@text=&amp;apos;Already a customer? Sign in&amp;apos;]}">
      <![CDATA[org.openqa.selenium.NoSuchElementException: An element could not be located on the page using the given search parameters.For documentation on this error, please visit: https://www.seleniumhq.org/exceptions/no_such_element.htmlBuild info: version: '3.141.59', revision: 'e82be7d358', time: '2018-11-14T08:17:03'System info: host: 'LAPTOP-M6Q9KTFA', ip: '192.168.99.1', os.name: 'Windows 10', os.arch: 'amd64', os.version: '10.0', java.version: '1.8.0_211'Driver info: io.appium.java_client.android.AndroidDriverCapabilities {appActivity: com.amazon.mShop.splashscre..., appPackage: in.amazon.mShop.android.sho..., databaseEnabled: false, desired: {appActivity: com.amazon.mShop.splashscre..., appPackage: in.amazon.mShop.android.sho..., deviceName: Android, fullReset: false, noReset: true, platformName: android, platformVersion: 9PKQ1, udid: a8503388}, deviceApiLevel: 29, deviceManufacturer: Xiaomi, deviceModel: POCO F1, deviceName: a8503388, deviceScreenDensity: 440, deviceScreenSize: 1080x2246, deviceUDID: a8503388, fullReset: false, javascriptEnabled: true, locationContextEnabled: false, networkConnectionEnabled: true, noReset: true, pixelRatio: 2.75, platform: LINUX, platformName: Android, platformVersion: 10, statBarHeight: 89, takesScreenshot: true, udid: a8503388, viewportRect: {height: 1938, left: 0, top: 89, width: 1080}, warnings: {}, webStorageEnabled: false}Session ID: e4fe35ce-90fc-4458-8a9a-d1969203dff3*** Element info: {Using=xpath, value=//android.widget.Button[@text='Already a customer? Sign in']}at org.openqa.selenium.remote.http.W3CHttpResponseCodec.createException(W3CHttpResponseCodec.java:187)at org.openqa.selenium.remote.http.W3CHttpResponseCodec.decode(W3CHttpResponseCodec.java:122)at org.openqa.selenium.remote.http.W3CHttpResponseCodec.decode(W3CHttpResponseCodec.java:49)at org.openqa.selenium.remote.HttpCommandExecutor.execute(HttpCommandExecutor.java:158)at io.appium.java_client.remote.AppiumCommandExecutor.execute(AppiumCommandExecutor.java:239)at org.openqa.selenium.remote.RemoteWebDriver.execute(RemoteWebDriver.java:552)at io.appium.java_client.DefaultGenericMobileDriver.execute(DefaultGenericMobileDriver.java:41)at io.appium.java_client.AppiumDriver.execute(AppiumDriver.java:1)at io.appium.java_client.android.AndroidDriver.execute(AndroidDriver.java:1)at org.openqa.selenium.remote.RemoteWebDriver.findElement(RemoteWebDriver.java:323)at io.appium.java_client.DefaultGenericMobileDriver.findElement(DefaultGenericMobileDriver.java:61)at io.appium.java_client.AppiumDriver.findElement(AppiumDriver.java:1)at io.appium.java_client.android.AndroidDriver.findElement(AndroidDriver.java:1)at org.openqa.selenium.remote.RemoteWebDriver.findElementByXPath(RemoteWebDriver.java:428)at io.appium.java_client.DefaultGenericMobileDriver.findElementByXPath(DefaultGenericMobileDriver.java:151)at io.appium.java_client.AppiumDriver.findElementByXPath(AppiumDriver.java:1)at io.appium.java_client.android.AndroidDriver.findElementByXPath(AndroidDriver.java:1)at org.openqa.selenium.By$ByXPath.findElement(By.java:353)at org.openqa.selenium.remote.RemoteWebDriver.findElement(RemoteWebDriver.java:315)at io.appium.java_client.DefaultGenericMobileDriver.findElement(DefaultGenericMobileDriver.java:57)at io.appium.java_client.AppiumDriver.findElement(AppiumDriver.java:1)at io.appium.java_client.android.AndroidDriver.findElement(AndroidDriver.java:1)at AmazonPageObjects.WelcomePage.clickonSignIn(WelcomePage.java:45)at AmazonHydridFramework.Testcases.ddfLoginTest.testLogin(ddfLoginTest.java:31)... Removed 29 stack frames]]>
    </failure>
  </testcase> <!-- testLogin -->
  <testcase name="testLogin" time="30.532" classname="AmazonHydridFramework.Testcases.ddfLoginTest">
    <failure type="org.openqa.selenium.NoSuchElementException" message="An element could not be located on the page using the given search parameters.
For documentation on this error, please visit: https://www.seleniumhq.org/exceptions/no_such_element.html
Build info: version: &amp;apos;3.141.59&amp;apos;, revision: &amp;apos;e82be7d358&amp;apos;, time: &amp;apos;2018-11-14T08:17:03&amp;apos;
System info: host: &amp;apos;LAPTOP-M6Q9KTFA&amp;apos;, ip: &amp;apos;192.168.99.1&amp;apos;, os.name: &amp;apos;Windows 10&amp;apos;, os.arch: &amp;apos;amd64&amp;apos;, os.version: &amp;apos;10.0&amp;apos;, java.version: &amp;apos;1.8.0_211&amp;apos;
Driver info: io.appium.java_client.android.AndroidDriver
Capabilities {appActivity: com.amazon.mShop.splashscre..., appPackage: in.amazon.mShop.android.sho..., databaseEnabled: false, desired: {appActivity: com.amazon.mShop.splashscre..., appPackage: in.amazon.mShop.android.sho..., deviceName: Android, fullReset: false, noReset: true, platformName: android, platformVersion: 9PKQ1, udid: a8503388}, deviceApiLevel: 29, deviceManufacturer: Xiaomi, deviceModel: POCO F1, deviceName: a8503388, deviceScreenDensity: 440, deviceScreenSize: 1080x2246, deviceUDID: a8503388, fullReset: false, javascriptEnabled: true, locationContextEnabled: false, networkConnectionEnabled: true, noReset: true, pixelRatio: 2.75, platform: LINUX, platformName: Android, platformVersion: 10, statBarHeight: 89, takesScreenshot: true, udid: a8503388, viewportRect: {height: 1938, left: 0, top: 89, width: 1080}, warnings: {}, webStorageEnabled: false}
Session ID: e4fe35ce-90fc-4458-8a9a-d1969203dff3
*** Element info: {Using=xpath, value=//android.widget.Button[@text=&amp;apos;Already a customer? Sign in&amp;apos;]}">
      <![CDATA[org.openqa.selenium.NoSuchElementException: An element could not be located on the page using the given search parameters.For documentation on this error, please visit: https://www.seleniumhq.org/exceptions/no_such_element.htmlBuild info: version: '3.141.59', revision: 'e82be7d358', time: '2018-11-14T08:17:03'System info: host: 'LAPTOP-M6Q9KTFA', ip: '192.168.99.1', os.name: 'Windows 10', os.arch: 'amd64', os.version: '10.0', java.version: '1.8.0_211'Driver info: io.appium.java_client.android.AndroidDriverCapabilities {appActivity: com.amazon.mShop.splashscre..., appPackage: in.amazon.mShop.android.sho..., databaseEnabled: false, desired: {appActivity: com.amazon.mShop.splashscre..., appPackage: in.amazon.mShop.android.sho..., deviceName: Android, fullReset: false, noReset: true, platformName: android, platformVersion: 9PKQ1, udid: a8503388}, deviceApiLevel: 29, deviceManufacturer: Xiaomi, deviceModel: POCO F1, deviceName: a8503388, deviceScreenDensity: 440, deviceScreenSize: 1080x2246, deviceUDID: a8503388, fullReset: false, javascriptEnabled: true, locationContextEnabled: false, networkConnectionEnabled: true, noReset: true, pixelRatio: 2.75, platform: LINUX, platformName: Android, platformVersion: 10, statBarHeight: 89, takesScreenshot: true, udid: a8503388, viewportRect: {height: 1938, left: 0, top: 89, width: 1080}, warnings: {}, webStorageEnabled: false}Session ID: e4fe35ce-90fc-4458-8a9a-d1969203dff3*** Element info: {Using=xpath, value=//android.widget.Button[@text='Already a customer? Sign in']}at org.openqa.selenium.remote.http.W3CHttpResponseCodec.createException(W3CHttpResponseCodec.java:187)at org.openqa.selenium.remote.http.W3CHttpResponseCodec.decode(W3CHttpResponseCodec.java:122)at org.openqa.selenium.remote.http.W3CHttpResponseCodec.decode(W3CHttpResponseCodec.java:49)at org.openqa.selenium.remote.HttpCommandExecutor.execute(HttpCommandExecutor.java:158)at io.appium.java_client.remote.AppiumCommandExecutor.execute(AppiumCommandExecutor.java:239)at org.openqa.selenium.remote.RemoteWebDriver.execute(RemoteWebDriver.java:552)at io.appium.java_client.DefaultGenericMobileDriver.execute(DefaultGenericMobileDriver.java:41)at io.appium.java_client.AppiumDriver.execute(AppiumDriver.java:1)at io.appium.java_client.android.AndroidDriver.execute(AndroidDriver.java:1)at org.openqa.selenium.remote.RemoteWebDriver.findElement(RemoteWebDriver.java:323)at io.appium.java_client.DefaultGenericMobileDriver.findElement(DefaultGenericMobileDriver.java:61)at io.appium.java_client.AppiumDriver.findElement(AppiumDriver.java:1)at io.appium.java_client.android.AndroidDriver.findElement(AndroidDriver.java:1)at org.openqa.selenium.remote.RemoteWebDriver.findElementByXPath(RemoteWebDriver.java:428)at io.appium.java_client.DefaultGenericMobileDriver.findElementByXPath(DefaultGenericMobileDriver.java:151)at io.appium.java_client.AppiumDriver.findElementByXPath(AppiumDriver.java:1)at io.appium.java_client.android.AndroidDriver.findElementByXPath(AndroidDriver.java:1)at org.openqa.selenium.By$ByXPath.findElement(By.java:353)at org.openqa.selenium.remote.RemoteWebDriver.findElement(RemoteWebDriver.java:315)at io.appium.java_client.DefaultGenericMobileDriver.findElement(DefaultGenericMobileDriver.java:57)at io.appium.java_client.AppiumDriver.findElement(AppiumDriver.java:1)at io.appium.java_client.android.AndroidDriver.findElement(AndroidDriver.java:1)at AmazonPageObjects.WelcomePage.clickonSignIn(WelcomePage.java:45)at AmazonHydridFramework.Testcases.ddfLoginTest.testLogin(ddfLoginTest.java:31)... Removed 29 stack frames]]>
    </failure>
  </testcase> <!-- testLogin -->
  <testcase name="testLogin" time="30.261" classname="AmazonHydridFramework.Testcases.ddfLoginTest">
    <failure type="org.openqa.selenium.NoSuchElementException" message="An element could not be located on the page using the given search parameters.
For documentation on this error, please visit: https://www.seleniumhq.org/exceptions/no_such_element.html
Build info: version: &amp;apos;3.141.59&amp;apos;, revision: &amp;apos;e82be7d358&amp;apos;, time: &amp;apos;2018-11-14T08:17:03&amp;apos;
System info: host: &amp;apos;LAPTOP-M6Q9KTFA&amp;apos;, ip: &amp;apos;192.168.99.1&amp;apos;, os.name: &amp;apos;Windows 10&amp;apos;, os.arch: &amp;apos;amd64&amp;apos;, os.version: &amp;apos;10.0&amp;apos;, java.version: &amp;apos;1.8.0_211&amp;apos;
Driver info: io.appium.java_client.android.AndroidDriver
Capabilities {appActivity: com.amazon.mShop.splashscre..., appPackage: in.amazon.mShop.android.sho..., databaseEnabled: false, desired: {appActivity: com.amazon.mShop.splashscre..., appPackage: in.amazon.mShop.android.sho..., deviceName: Android, fullReset: false, noReset: true, platformName: android, platformVersion: 9PKQ1, udid: a8503388}, deviceApiLevel: 29, deviceManufacturer: Xiaomi, deviceModel: POCO F1, deviceName: a8503388, deviceScreenDensity: 440, deviceScreenSize: 1080x2246, deviceUDID: a8503388, fullReset: false, javascriptEnabled: true, locationContextEnabled: false, networkConnectionEnabled: true, noReset: true, pixelRatio: 2.75, platform: LINUX, platformName: Android, platformVersion: 10, statBarHeight: 89, takesScreenshot: true, udid: a8503388, viewportRect: {height: 1938, left: 0, top: 89, width: 1080}, warnings: {}, webStorageEnabled: false}
Session ID: e4fe35ce-90fc-4458-8a9a-d1969203dff3
*** Element info: {Using=xpath, value=//android.widget.Button[@text=&amp;apos;Already a customer? Sign in&amp;apos;]}">
      <![CDATA[org.openqa.selenium.NoSuchElementException: An element could not be located on the page using the given search parameters.For documentation on this error, please visit: https://www.seleniumhq.org/exceptions/no_such_element.htmlBuild info: version: '3.141.59', revision: 'e82be7d358', time: '2018-11-14T08:17:03'System info: host: 'LAPTOP-M6Q9KTFA', ip: '192.168.99.1', os.name: 'Windows 10', os.arch: 'amd64', os.version: '10.0', java.version: '1.8.0_211'Driver info: io.appium.java_client.android.AndroidDriverCapabilities {appActivity: com.amazon.mShop.splashscre..., appPackage: in.amazon.mShop.android.sho..., databaseEnabled: false, desired: {appActivity: com.amazon.mShop.splashscre..., appPackage: in.amazon.mShop.android.sho..., deviceName: Android, fullReset: false, noReset: true, platformName: android, platformVersion: 9PKQ1, udid: a8503388}, deviceApiLevel: 29, deviceManufacturer: Xiaomi, deviceModel: POCO F1, deviceName: a8503388, deviceScreenDensity: 440, deviceScreenSize: 1080x2246, deviceUDID: a8503388, fullReset: false, javascriptEnabled: true, locationContextEnabled: false, networkConnectionEnabled: true, noReset: true, pixelRatio: 2.75, platform: LINUX, platformName: Android, platformVersion: 10, statBarHeight: 89, takesScreenshot: true, udid: a8503388, viewportRect: {height: 1938, left: 0, top: 89, width: 1080}, warnings: {}, webStorageEnabled: false}Session ID: e4fe35ce-90fc-4458-8a9a-d1969203dff3*** Element info: {Using=xpath, value=//android.widget.Button[@text='Already a customer? Sign in']}at org.openqa.selenium.remote.http.W3CHttpResponseCodec.createException(W3CHttpResponseCodec.java:187)at org.openqa.selenium.remote.http.W3CHttpResponseCodec.decode(W3CHttpResponseCodec.java:122)at org.openqa.selenium.remote.http.W3CHttpResponseCodec.decode(W3CHttpResponseCodec.java:49)at org.openqa.selenium.remote.HttpCommandExecutor.execute(HttpCommandExecutor.java:158)at io.appium.java_client.remote.AppiumCommandExecutor.execute(AppiumCommandExecutor.java:239)at org.openqa.selenium.remote.RemoteWebDriver.execute(RemoteWebDriver.java:552)at io.appium.java_client.DefaultGenericMobileDriver.execute(DefaultGenericMobileDriver.java:41)at io.appium.java_client.AppiumDriver.execute(AppiumDriver.java:1)at io.appium.java_client.android.AndroidDriver.execute(AndroidDriver.java:1)at org.openqa.selenium.remote.RemoteWebDriver.findElement(RemoteWebDriver.java:323)at io.appium.java_client.DefaultGenericMobileDriver.findElement(DefaultGenericMobileDriver.java:61)at io.appium.java_client.AppiumDriver.findElement(AppiumDriver.java:1)at io.appium.java_client.android.AndroidDriver.findElement(AndroidDriver.java:1)at org.openqa.selenium.remote.RemoteWebDriver.findElementByXPath(RemoteWebDriver.java:428)at io.appium.java_client.DefaultGenericMobileDriver.findElementByXPath(DefaultGenericMobileDriver.java:151)at io.appium.java_client.AppiumDriver.findElementByXPath(AppiumDriver.java:1)at io.appium.java_client.android.AndroidDriver.findElementByXPath(AndroidDriver.java:1)at org.openqa.selenium.By$ByXPath.findElement(By.java:353)at org.openqa.selenium.remote.RemoteWebDriver.findElement(RemoteWebDriver.java:315)at io.appium.java_client.DefaultGenericMobileDriver.findElement(DefaultGenericMobileDriver.java:57)at io.appium.java_client.AppiumDriver.findElement(AppiumDriver.java:1)at io.appium.java_client.android.AndroidDriver.findElement(AndroidDriver.java:1)at AmazonPageObjects.WelcomePage.clickonSignIn(WelcomePage.java:45)at AmazonHydridFramework.Testcases.ddfLoginTest.testLogin(ddfLoginTest.java:31)... Removed 29 stack frames]]>
    </failure>
  </testcase> <!-- testLogin -->
  <testcase name="@BeforeTest methodLevelSetup" time="0.0" classname="androidCapabilities.androidCapabilities2">
    <ignored/>
  </testcase> <!-- @BeforeTest methodLevelSetup -->
  <testcase name="@AfterSuite generateReport" time="0.0" classname="androidCapabilities.androidCapabilities2">
    <ignored/>
  </testcase> <!-- @AfterSuite generateReport -->
  <testcase name="amazonSkipSignIn" time="0.0" classname="AmazonHydridFramework.Testcases.WelcomePageTest">
    <ignored/>
  </testcase> <!-- amazonSkipSignIn -->
  <testcase name="amazonSignUp" time="0.0" classname="AmazonHydridFramework.Testcases.WelcomePageTest">
    <ignored/>
  </testcase> <!-- amazonSignUp -->
  <testcase name="@AfterTest teardown" time="0.0" classname="androidCapabilities.androidCapabilities2">
    <ignored/>
  </testcase> <!-- @AfterTest teardown -->
</testsuite> <!-- Login first time in Amazon mobile app -->
